[debug] [2025-04-22T07:44:12.944Z] ----------------------------------------------------------------------
[debug] [2025-04-22T07:44:12.947Z] Command:       C:\Program Files\nodejs\node.exe D:\CEDT02\SE-Lab\GitHubAction\node_modules\firebase-tools\lib\bin\firebase.js init hosting
[debug] [2025-04-22T07:44:12.947Z] CLI Version:   14.2.0
[debug] [2025-04-22T07:44:12.947Z] Platform:      win32
[debug] [2025-04-22T07:44:12.947Z] Node Version:  v20.14.0
[debug] [2025-04-22T07:44:12.948Z] Time:          Tue Apr 22 2025 14:44:12 GMT+0700 (Indochina Time)
[debug] [2025-04-22T07:44:12.948Z] ----------------------------------------------------------------------
[debug] 
[debug] [2025-04-22T07:44:13.194Z] > command requires scopes: ["email","openid","https://www.googleapis.com/auth/cloudplatformprojects.readonly","https://www.googleapis.com/auth/firebase","https://www.googleapis.com/auth/cloud-platform"]
[debug] [2025-04-22T07:44:13.195Z] > authorizing via signed-in user (sira.siravut@gmail.com)
[info] 
     ######## #### ########  ######## ########     ###     ######  ########
     ##        ##  ##     ## ##       ##     ##  ##   ##  ##       ##
     ######    ##  ########  ######   ########  #########  ######  ######
     ##        ##  ##    ##  ##       ##     ## ##     ##       ## ##
     ##       #### ##     ## ######## ########  ##     ##  ######  ########

You're about to initialize a Firebase project in this directory:

  D:\CEDT02\SE-Lab\GitHubAction

Before we get started, keep in mind:

  * You are initializing within an existing Firebase project directory

[info] 
=== Project Setup
[info] 
[info] First, let's associate this project directory with a Firebase project.
[info] You can create multiple project aliases by running firebase use --add, 
[info] but for now we'll just set up a default project.
[info] 
[debug] [2025-04-22T07:44:18.879Z] Using project from CLI flag: fireship-lessons
[debug] [2025-04-22T07:44:18.880Z] Checked if tokens are valid: true, expires at: 1745310726598
[debug] [2025-04-22T07:44:18.881Z] Checked if tokens are valid: true, expires at: 1745310726598
[debug] [2025-04-22T07:44:18.882Z] >>> [apiv2][query] GET https://firebase.googleapis.com/v1beta1/projects/fireship-lessons [none]
[debug] [2025-04-22T07:44:19.257Z] <<< [apiv2][status] GET https://firebase.googleapis.com/v1beta1/projects/fireship-lessons 403
[debug] [2025-04-22T07:44:19.257Z] <<< [apiv2][body] GET https://firebase.googleapis.com/v1beta1/projects/fireship-lessons {"error":{"code":403,"message":"The caller does not have permission","status":"PERMISSION_DENIED"}}
[debug] [2025-04-22T07:44:19.258Z] Request to https://firebase.googleapis.com/v1beta1/projects/fireship-lessons had HTTP Error: 403, The caller does not have permission
[debug] [2025-04-22T07:44:19.345Z] FirebaseError: Request to https://firebase.googleapis.com/v1beta1/projects/fireship-lessons had HTTP Error: 403, The caller does not have permission
    at responseToError (D:\CEDT02\SE-Lab\GitHubAction\node_modules\firebase-tools\lib\responseToError.js:52:12)
    at RetryOperation._fn (D:\CEDT02\SE-Lab\GitHubAction\node_modules\firebase-tools\lib\apiv2.js:312:77)
    at process.processTicksAndRejections (node:internal/process/task_queues:95:5)
[error] 
[error] Error: Failed to get Firebase project fireship-lessons. Please make sure the project exists and your account has permission to access it.
